<?xml version="1.0" encoding="UTF-8"?>
<robot generator="Robot 4.1.3 (Python 3.10.1 on darwin)" generated="20211226 12:24:51.063" rpa="false" schemaversion="2">
<suite id="s1" name="testCase1" source="/Users/uocak/Desktop/fireflyCaseStudy/firefly-web/TestCases/testCase1.robot">
<test id="s1-t1" name="Test Case 1">
<kw name="Test Case Setup" library="baseTest" type="SETUP">
<kw name="Open Browser" library="SeleniumLibrary">
<arg>https://www.hepsiburada.com/</arg>
<arg>Chrome</arg>
<arg>executable_path=${chrome_driver}</arg>
<doc>Opens a new browser instance to the optional ``url``.</doc>
<msg timestamp="20211226 12:24:51.308" level="INFO">Opening browser 'Chrome' to base url 'https://www.hepsiburada.com/'.</msg>
<status status="PASS" starttime="20211226 12:24:51.308" endtime="20211226 12:25:00.092"/>
</kw>
<kw name="Maximize Browser Window" library="SeleniumLibrary">
<doc>Maximizes current browser window.</doc>
<status status="PASS" starttime="20211226 12:25:00.092" endtime="20211226 12:25:00.635"/>
</kw>
<kw name="Set Selenium Implicit Wait" library="SeleniumLibrary">
<arg>30</arg>
<doc>Sets the implicit wait value used by Selenium.</doc>
<status status="PASS" starttime="20211226 12:25:00.635" endtime="20211226 12:25:00.636"/>
</kw>
<status status="PASS" starttime="20211226 12:24:51.307" endtime="20211226 12:25:00.636"/>
</kw>
<kw name="Search Product" library="homePageActions">
<arg>bluetooth kulaklık</arg>
<kw name="Input Text" library="SeleniumLibrary">
<arg>${searchBox_Txt}</arg>
<arg>${productName}</arg>
<doc>Types the given ``text`` into the text field identified by ``locator``.</doc>
<msg timestamp="20211226 12:25:00.637" level="INFO">Typing text 'bluetooth kulaklık' into text field 'xpath://div[@id='SearchBoxOld']//input'.</msg>
<status status="PASS" starttime="20211226 12:25:00.637" endtime="20211226 12:25:00.947"/>
</kw>
<status status="PASS" starttime="20211226 12:25:00.636" endtime="20211226 12:25:00.947"/>
</kw>
<kw name="Click Search Button" library="homePageActions">
<kw name="Wait And Click" library="baseTest">
<arg>${search_Btn}</arg>
<kw name="Wait Until Element Is Visible" library="SeleniumLibrary">
<arg>${selector}</arg>
<arg>timeout=30</arg>
<doc>Waits until the element ``locator`` is visible.</doc>
<status status="PASS" starttime="20211226 12:25:00.948" endtime="20211226 12:25:01.031"/>
</kw>
<kw name="Click Element" library="SeleniumLibrary">
<arg>${selector}</arg>
<doc>Click the element identified by ``locator``.</doc>
<msg timestamp="20211226 12:25:01.031" level="INFO">Clicking element 'xpath://div[text()='ARA']'.</msg>
<status status="PASS" starttime="20211226 12:25:01.031" endtime="20211226 12:25:03.553"/>
</kw>
<status status="PASS" starttime="20211226 12:25:00.948" endtime="20211226 12:25:03.554"/>
</kw>
<status status="PASS" starttime="20211226 12:25:00.947" endtime="20211226 12:25:03.554"/>
</kw>
<kw name="Check Search Is Complete" library="homePageActions">
<kw name="Sleep" library="BuiltIn">
<arg>3s</arg>
<doc>Pauses the test executed for the given time.</doc>
<msg timestamp="20211226 12:25:06.555" level="INFO">Slept 3 seconds</msg>
<status status="PASS" starttime="20211226 12:25:03.554" endtime="20211226 12:25:06.555"/>
</kw>
<kw name="Wait Until Page Contains Element" library="SeleniumLibrary">
<arg>${checkSearch_Lbl}</arg>
<arg>timeout=30</arg>
<doc>Waits until the element ``locator`` appears on the current page.</doc>
<status status="PASS" starttime="20211226 12:25:06.556" endtime="20211226 12:25:06.580"/>
</kw>
<kw name="Page Should Contain Element" library="SeleniumLibrary">
<arg>${checkSearch_Lbl}</arg>
<arg>timeout=30</arg>
<doc>Verifies that element ``locator`` is found on the current page.</doc>
<msg timestamp="20211226 12:25:06.586" level="INFO">Current page contains element '//div[text()='Kategori']'.</msg>
<status status="PASS" starttime="20211226 12:25:06.581" endtime="20211226 12:25:06.587"/>
</kw>
<status status="PASS" starttime="20211226 12:25:03.554" endtime="20211226 12:25:06.587"/>
</kw>
<kw name="Search And Select Brand" library="homePageActions">
<arg>JBL</arg>
<arg>JBL</arg>
<kw name="Check Search Is Complete" library="homePageActions">
<kw name="Sleep" library="BuiltIn">
<arg>3s</arg>
<doc>Pauses the test executed for the given time.</doc>
<msg timestamp="20211226 12:25:09.590" level="INFO">Slept 3 seconds</msg>
<status status="PASS" starttime="20211226 12:25:06.588" endtime="20211226 12:25:09.590"/>
</kw>
<kw name="Wait Until Page Contains Element" library="SeleniumLibrary">
<arg>${checkSearch_Lbl}</arg>
<arg>timeout=30</arg>
<doc>Waits until the element ``locator`` appears on the current page.</doc>
<status status="PASS" starttime="20211226 12:25:09.590" endtime="20211226 12:25:10.075"/>
</kw>
<kw name="Page Should Contain Element" library="SeleniumLibrary">
<arg>${checkSearch_Lbl}</arg>
<arg>timeout=30</arg>
<doc>Verifies that element ``locator`` is found on the current page.</doc>
<msg timestamp="20211226 12:25:10.083" level="INFO">Current page contains element '//div[text()='Kategori']'.</msg>
<status status="PASS" starttime="20211226 12:25:10.076" endtime="20211226 12:25:10.083"/>
</kw>
<status status="PASS" starttime="20211226 12:25:06.587" endtime="20211226 12:25:10.083"/>
</kw>
<kw name="Input Text" library="SeleniumLibrary">
<arg>${searchBrand_Txt}</arg>
<arg>${brandName}</arg>
<doc>Types the given ``text`` into the text field identified by ``locator``.</doc>
<msg timestamp="20211226 12:25:10.084" level="INFO">Typing text 'JBL' into text field 'xpath://div[@id='markalar']//input[@placeholder='Filtrele']'.</msg>
<status status="PASS" starttime="20211226 12:25:10.083" endtime="20211226 12:25:10.339"/>
</kw>
<kw name="Wait And Click" library="baseTest">
<arg>//div[text()='${selectBrand}']</arg>
<kw name="Wait Until Element Is Visible" library="SeleniumLibrary">
<arg>${selector}</arg>
<arg>timeout=30</arg>
<doc>Waits until the element ``locator`` is visible.</doc>
<status status="PASS" starttime="20211226 12:25:10.339" endtime="20211226 12:25:12.522"/>
</kw>
<kw name="Click Element" library="SeleniumLibrary">
<arg>${selector}</arg>
<doc>Click the element identified by ``locator``.</doc>
<msg timestamp="20211226 12:25:12.523" level="INFO">Clicking element '//div[text()='JBL']'.</msg>
<status status="PASS" starttime="20211226 12:25:12.522" endtime="20211226 12:25:12.709"/>
</kw>
<status status="PASS" starttime="20211226 12:25:10.339" endtime="20211226 12:25:12.709"/>
</kw>
<status status="PASS" starttime="20211226 12:25:06.587" endtime="20211226 12:25:12.709"/>
</kw>
<kw name="Select Product Price" library="homePageActions">
<arg>750 - 1000 TL</arg>
<kw name="Check Search Is Complete" library="homePageActions">
<kw name="Sleep" library="BuiltIn">
<arg>3s</arg>
<doc>Pauses the test executed for the given time.</doc>
<msg timestamp="20211226 12:25:15.711" level="INFO">Slept 3 seconds</msg>
<status status="PASS" starttime="20211226 12:25:12.710" endtime="20211226 12:25:15.711"/>
</kw>
<kw name="Wait Until Page Contains Element" library="SeleniumLibrary">
<arg>${checkSearch_Lbl}</arg>
<arg>timeout=30</arg>
<doc>Waits until the element ``locator`` appears on the current page.</doc>
<status status="PASS" starttime="20211226 12:25:15.711" endtime="20211226 12:25:15.724"/>
</kw>
<kw name="Page Should Contain Element" library="SeleniumLibrary">
<arg>${checkSearch_Lbl}</arg>
<arg>timeout=30</arg>
<doc>Verifies that element ``locator`` is found on the current page.</doc>
<msg timestamp="20211226 12:25:15.731" level="INFO">Current page contains element '//div[text()='Kategori']'.</msg>
<status status="PASS" starttime="20211226 12:25:15.725" endtime="20211226 12:25:15.731"/>
</kw>
<status status="PASS" starttime="20211226 12:25:12.710" endtime="20211226 12:25:15.731"/>
</kw>
<kw name="Wait And Click" library="baseTest">
<arg>//div[text()='${price}']</arg>
<kw name="Wait Until Element Is Visible" library="SeleniumLibrary">
<arg>${selector}</arg>
<arg>timeout=30</arg>
<doc>Waits until the element ``locator`` is visible.</doc>
<status status="PASS" starttime="20211226 12:25:15.732" endtime="20211226 12:25:15.751"/>
</kw>
<kw name="Click Element" library="SeleniumLibrary">
<arg>${selector}</arg>
<doc>Click the element identified by ``locator``.</doc>
<msg timestamp="20211226 12:25:15.751" level="INFO">Clicking element '//div[text()='750 - 1000 TL']'.</msg>
<status status="PASS" starttime="20211226 12:25:15.751" endtime="20211226 12:25:15.934"/>
</kw>
<status status="PASS" starttime="20211226 12:25:15.731" endtime="20211226 12:25:15.935"/>
</kw>
<status status="PASS" starttime="20211226 12:25:12.710" endtime="20211226 12:25:15.935"/>
</kw>
<kw name="Select Product Color" library="homePageActions">
<arg>Siyah</arg>
<kw name="Check Search Is Complete" library="homePageActions">
<kw name="Sleep" library="BuiltIn">
<arg>3s</arg>
<doc>Pauses the test executed for the given time.</doc>
<msg timestamp="20211226 12:25:18.937" level="INFO">Slept 3 seconds</msg>
<status status="PASS" starttime="20211226 12:25:15.936" endtime="20211226 12:25:18.937"/>
</kw>
<kw name="Wait Until Page Contains Element" library="SeleniumLibrary">
<arg>${checkSearch_Lbl}</arg>
<arg>timeout=30</arg>
<doc>Waits until the element ``locator`` appears on the current page.</doc>
<status status="PASS" starttime="20211226 12:25:18.937" endtime="20211226 12:25:18.949"/>
</kw>
<kw name="Page Should Contain Element" library="SeleniumLibrary">
<arg>${checkSearch_Lbl}</arg>
<arg>timeout=30</arg>
<doc>Verifies that element ``locator`` is found on the current page.</doc>
<msg timestamp="20211226 12:25:18.955" level="INFO">Current page contains element '//div[text()='Kategori']'.</msg>
<status status="PASS" starttime="20211226 12:25:18.949" endtime="20211226 12:25:18.955"/>
</kw>
<status status="PASS" starttime="20211226 12:25:15.935" endtime="20211226 12:25:18.955"/>
</kw>
<kw name="Wait And Click" library="baseTest">
<arg>${colorLstOpen_Btn}</arg>
<kw name="Wait Until Element Is Visible" library="SeleniumLibrary">
<arg>${selector}</arg>
<arg>timeout=30</arg>
<doc>Waits until the element ``locator`` is visible.</doc>
<status status="PASS" starttime="20211226 12:25:18.956" endtime="20211226 12:25:18.974"/>
</kw>
<kw name="Click Element" library="SeleniumLibrary">
<arg>${selector}</arg>
<doc>Click the element identified by ``locator``.</doc>
<msg timestamp="20211226 12:25:18.974" level="INFO">Clicking element '//label[@for='collapse-renk']'.</msg>
<status status="PASS" starttime="20211226 12:25:18.974" endtime="20211226 12:25:19.042"/>
</kw>
<status status="PASS" starttime="20211226 12:25:18.956" endtime="20211226 12:25:19.042"/>
</kw>
<kw name="Wait And Click" library="baseTest">
<arg>//div[text()='${color}']</arg>
<kw name="Wait Until Element Is Visible" library="SeleniumLibrary">
<arg>${selector}</arg>
<arg>timeout=30</arg>
<doc>Waits until the element ``locator`` is visible.</doc>
<status status="PASS" starttime="20211226 12:25:19.042" endtime="20211226 12:25:19.093"/>
</kw>
<kw name="Click Element" library="SeleniumLibrary">
<arg>${selector}</arg>
<doc>Click the element identified by ``locator``.</doc>
<msg timestamp="20211226 12:25:19.093" level="INFO">Clicking element '//div[text()='Siyah']'.</msg>
<status status="PASS" starttime="20211226 12:25:19.093" endtime="20211226 12:25:19.274"/>
</kw>
<status status="PASS" starttime="20211226 12:25:19.042" endtime="20211226 12:25:19.274"/>
</kw>
<status status="PASS" starttime="20211226 12:25:15.935" endtime="20211226 12:25:19.274"/>
</kw>
<kw name="Check Selected Filter" library="homePageActions">
<arg>JBL</arg>
<kw name="Wait Until Element Is Visible" library="SeleniumLibrary">
<arg>//div[@class='FacetList-content']//label[text()='${filterText}']</arg>
<doc>Waits until the element ``locator`` is visible.</doc>
<status status="PASS" starttime="20211226 12:25:19.275" endtime="20211226 12:25:19.303"/>
</kw>
<status status="PASS" starttime="20211226 12:25:19.274" endtime="20211226 12:25:19.303"/>
</kw>
<kw name="Check Selected Filter" library="homePageActions">
<arg>750 - 1000 TL</arg>
<kw name="Wait Until Element Is Visible" library="SeleniumLibrary">
<arg>//div[@class='FacetList-content']//label[text()='${filterText}']</arg>
<doc>Waits until the element ``locator`` is visible.</doc>
<status status="PASS" starttime="20211226 12:25:19.304" endtime="20211226 12:25:19.326"/>
</kw>
<status status="PASS" starttime="20211226 12:25:19.303" endtime="20211226 12:25:19.326"/>
</kw>
<kw name="Check Selected Filter" library="homePageActions">
<arg>Siyah</arg>
<kw name="Wait Until Element Is Visible" library="SeleniumLibrary">
<arg>//div[@class='FacetList-content']//label[text()='${filterText}']</arg>
<doc>Waits until the element ``locator`` is visible.</doc>
<status status="PASS" starttime="20211226 12:25:19.327" endtime="20211226 12:25:20.046"/>
</kw>
<status status="PASS" starttime="20211226 12:25:19.326" endtime="20211226 12:25:20.046"/>
</kw>
<kw name="Click First Product In Search" library="homePageActions">
<kw name="Wait And Click" library="baseTest">
<arg>${firstProduct_Lnk}</arg>
<kw name="Wait Until Element Is Visible" library="SeleniumLibrary">
<arg>${selector}</arg>
<arg>timeout=30</arg>
<doc>Waits until the element ``locator`` is visible.</doc>
<status status="PASS" starttime="20211226 12:25:20.047" endtime="20211226 12:25:20.067"/>
</kw>
<kw name="Click Element" library="SeleniumLibrary">
<arg>${selector}</arg>
<doc>Click the element identified by ``locator``.</doc>
<msg timestamp="20211226 12:25:20.068" level="INFO">Clicking element 'xpath:(//div[contains(@class, 'ProductCard')]//a)[1]'.</msg>
<status status="PASS" starttime="20211226 12:25:20.067" endtime="20211226 12:25:20.373"/>
</kw>
<status status="PASS" starttime="20211226 12:25:20.047" endtime="20211226 12:25:20.374"/>
</kw>
<status status="PASS" starttime="20211226 12:25:20.047" endtime="20211226 12:25:20.374"/>
</kw>
<kw name="Check Product Page Is Loaded" library="productPageActions">
<kw name="Get Window Handles" library="SeleniumLibrary">
<var>${handles}</var>
<doc>Returns all child window handles of the selected browser as a list.</doc>
<msg timestamp="20211226 12:25:20.377" level="INFO">${handles} = ['CDwindow-C8047B936F0C724F48B562791863DC28', 'CDwindow-AFE6A59AD084842CC19629CF3C03D421']</msg>
<status status="PASS" starttime="20211226 12:25:20.374" endtime="20211226 12:25:20.377"/>
</kw>
<kw name="Switch Window" library="SeleniumLibrary">
<arg>${handles}[1]</arg>
<doc>Switches to browser window matching ``locator``.</doc>
<status status="PASS" starttime="20211226 12:25:20.378" endtime="20211226 12:25:20.474"/>
</kw>
<kw name="Wait Until Element Is Visible" library="SeleniumLibrary">
<arg>${addToCart_Btn}</arg>
<doc>Waits until the element ``locator`` is visible.</doc>
<status status="PASS" starttime="20211226 12:25:20.475" endtime="20211226 12:25:22.960"/>
</kw>
<kw name="Page Should Contain Element" library="SeleniumLibrary">
<arg>${addToCart_Btn}</arg>
<doc>Verifies that element ``locator`` is found on the current page.</doc>
<msg timestamp="20211226 12:25:22.968" level="INFO">Current page contains element 'id:addToCart'.</msg>
<status status="PASS" starttime="20211226 12:25:22.961" endtime="20211226 12:25:22.968"/>
</kw>
<status status="PASS" starttime="20211226 12:25:20.374" endtime="20211226 12:25:22.968"/>
</kw>
<kw name="Click To Add Basket Button" library="productPageActions">
<kw name="Wait And Click" library="baseTest">
<arg>${addToCart_Btn}</arg>
<kw name="Wait Until Element Is Visible" library="SeleniumLibrary">
<arg>${selector}</arg>
<arg>timeout=30</arg>
<doc>Waits until the element ``locator`` is visible.</doc>
<status status="PASS" starttime="20211226 12:25:22.970" endtime="20211226 12:25:22.997"/>
</kw>
<kw name="Click Element" library="SeleniumLibrary">
<arg>${selector}</arg>
<doc>Click the element identified by ``locator``.</doc>
<msg timestamp="20211226 12:25:22.998" level="INFO">Clicking element 'id:addToCart'.</msg>
<status status="PASS" starttime="20211226 12:25:22.997" endtime="20211226 12:25:23.417"/>
</kw>
<status status="PASS" starttime="20211226 12:25:22.969" endtime="20211226 12:25:23.417"/>
</kw>
<status status="PASS" starttime="20211226 12:25:22.969" endtime="20211226 12:25:23.417"/>
</kw>
<kw name="Click To Go To Basket Button" library="productPageActions">
<kw name="Wait And Click" library="baseTest">
<arg>${goToCart_Btn}</arg>
<kw name="Wait Until Element Is Visible" library="SeleniumLibrary">
<arg>${selector}</arg>
<arg>timeout=30</arg>
<doc>Waits until the element ``locator`` is visible.</doc>
<status status="PASS" starttime="20211226 12:25:23.418" endtime="20211226 12:25:27.547"/>
</kw>
<kw name="Click Element" library="SeleniumLibrary">
<arg>${selector}</arg>
<doc>Click the element identified by ``locator``.</doc>
<msg timestamp="20211226 12:25:27.547" level="INFO">Clicking element 'xpath://button[text()='Sepete git']'.</msg>
<status status="PASS" starttime="20211226 12:25:27.547" endtime="20211226 12:25:28.181"/>
</kw>
<status status="PASS" starttime="20211226 12:25:23.418" endtime="20211226 12:25:28.181"/>
</kw>
<status status="PASS" starttime="20211226 12:25:23.417" endtime="20211226 12:25:28.181"/>
</kw>
<kw name="Check Basket Page Open" library="basketPageActions">
<kw name="Wait Until Element Is Visible" library="SeleniumLibrary">
<arg>${basketPage_Title}</arg>
<doc>Waits until the element ``locator`` is visible.</doc>
<status status="PASS" starttime="20211226 12:25:28.182" endtime="20211226 12:25:28.726"/>
</kw>
<kw name="Page Should Contain Element" library="SeleniumLibrary">
<arg>${basketPage_Title}</arg>
<doc>Verifies that element ``locator`` is found on the current page.</doc>
<msg timestamp="20211226 12:25:28.835" level="INFO">Current page contains element 'xpath://h1[text()='Sepetim']'.</msg>
<status status="PASS" starttime="20211226 12:25:28.726" endtime="20211226 12:25:28.835"/>
</kw>
<status status="PASS" starttime="20211226 12:25:28.181" endtime="20211226 12:25:28.836"/>
</kw>
<kw name="Test Case TearDown" library="baseTest" type="TEARDOWN">
<kw name="Capture Page Screenshot" library="SeleniumLibrary">
<doc>Takes a screenshot of the current page and embeds it into a log file.</doc>
<msg timestamp="20211226 12:25:29.178" level="INFO" html="true">&lt;/td&gt;&lt;/tr&gt;&lt;tr&gt;&lt;td colspan="3"&gt;&lt;a href="selenium-screenshot-6.png"&gt;&lt;img src="selenium-screenshot-6.png" width="800px"&gt;&lt;/a&gt;</msg>
<status status="PASS" starttime="20211226 12:25:28.836" endtime="20211226 12:25:29.178"/>
</kw>
<kw name="Sleep" library="BuiltIn">
<arg>2</arg>
<doc>Pauses the test executed for the given time.</doc>
<msg timestamp="20211226 12:25:31.179" level="INFO">Slept 2 seconds</msg>
<status status="PASS" starttime="20211226 12:25:29.178" endtime="20211226 12:25:31.179"/>
</kw>
<kw name="Close All Browsers" library="SeleniumLibrary">
<doc>Closes all open browsers and resets the browser cache.</doc>
<status status="PASS" starttime="20211226 12:25:31.179" endtime="20211226 12:25:31.473"/>
</kw>
<status status="PASS" starttime="20211226 12:25:28.836" endtime="20211226 12:25:31.473"/>
</kw>
<status status="PASS" starttime="20211226 12:24:51.307" endtime="20211226 12:25:31.473"/>
</test>
<status status="PASS" starttime="20211226 12:24:51.065" endtime="20211226 12:25:31.474"/>
</suite>
<statistics>
<total>
<stat pass="1" fail="0" skip="0">All Tests</stat>
</total>
<tag>
</tag>
<suite>
<stat pass="1" fail="0" skip="0" id="s1" name="testCase1">testCase1</stat>
</suite>
</statistics>
<errors>
</errors>
</robot>
